android/app/build/intermediates/manifest_merge_blame_file/debug/manifest-merger-blame-debug-report.txt
1<?xml version="1.0" encoding="utf-8"?>
2<manifest xmlns:android="http://schemas.android.com/apk/res/android"
3    package="com.windesheim.ai"
4    android:versionCode="28"
5    android:versionName="1.5.1" >
6
7    <uses-sdk
8        android:minSdkVersion="21"
9        android:targetSdkVersion="33" />
10
11    <uses-permission android:name="android.permission.SYSTEM_ALERT_WINDOW" />
11-->src\main\AndroidManifest.xml:6:3-75
11-->src\main\AndroidManifest.xml:6:20-73
12    <uses-permission android:name="android.permission.INTERNET" />
12-->src\main\AndroidManifest.xml:2:3-64
12-->src\main\AndroidManifest.xml:2:20-62
13    <uses-permission android:name="android.permission.MODIFY_AUDIO_SETTINGS" />
13-->src\main\AndroidManifest.xml:3:3-77
13-->src\main\AndroidManifest.xml:3:20-75
14    <uses-permission android:name="android.permission.READ_EXTERNAL_STORAGE" />
14-->src\main\AndroidManifest.xml:4:3-77
14-->src\main\AndroidManifest.xml:4:20-75
15    <uses-permission android:name="android.permission.RECORD_AUDIO" />
15-->src\main\AndroidManifest.xml:5:3-68
15-->src\main\AndroidManifest.xml:5:20-66
16    <uses-permission android:name="android.permission.VIBRATE" />
16-->src\main\AndroidManifest.xml:7:3-63
16-->src\main\AndroidManifest.xml:7:20-61
17    <uses-permission android:name="android.permission.WRITE_EXTERNAL_STORAGE" />
17-->src\main\AndroidManifest.xml:8:3-78
17-->src\main\AndroidManifest.xml:8:20-76
18
19    <queries>
19-->src\main\AndroidManifest.xml:9:3-15:13
20        <intent>
20-->src\main\AndroidManifest.xml:10:5-14:14
21            <action android:name="android.intent.action.VIEW" />
21-->src\main\AndroidManifest.xml:11:7-58
21-->src\main\AndroidManifest.xml:11:15-56
22
23            <category android:name="android.intent.category.BROWSABLE" />
23-->src\main\AndroidManifest.xml:12:7-67
23-->src\main\AndroidManifest.xml:12:17-65
24
25            <data android:scheme="https" />
25-->src\main\AndroidManifest.xml:13:7-37
25-->src\main\AndroidManifest.xml:13:13-35
26        </intent>
27
28        <package android:name="host.exp.exponent" /> <!-- Query open documents -->
28-->[:expo-dev-launcher] AndroidManifest.xml:8:9-53
28-->[:expo-dev-launcher] AndroidManifest.xml:8:18-50
29        <intent>
29-->[:expo-file-system] AndroidManifest.xml:15:9-17:18
30            <action android:name="android.intent.action.OPEN_DOCUMENT_TREE" />
30-->[:expo-file-system] AndroidManifest.xml:16:13-79
30-->[:expo-file-system] AndroidManifest.xml:16:21-76
31        </intent>
32        <intent>
32-->[:expo-web-browser] AndroidManifest.xml:8:9-12:18
33
34            <!-- Required for opening tabs if targeting API 30 -->
35            <action android:name="android.support.customtabs.action.CustomTabsService" />
35-->[:expo-web-browser] AndroidManifest.xml:11:13-90
35-->[:expo-web-browser] AndroidManifest.xml:11:21-87
36        </intent>
37    </queries>
38
39    <uses-permission android:name="android.permission.ACCESS_WIFI_STATE" />
39-->[com.facebook.flipper:flipper:0.182.0] AndroidManifest.xml:16:5-76
39-->[com.facebook.flipper:flipper:0.182.0] AndroidManifest.xml:16:22-73
40    <uses-permission android:name="android.permission.ACCESS_NETWORK_STATE" />
40-->[:react-native-community_netinfo] AndroidManifest.xml:7:5-79
40-->[:react-native-community_netinfo] AndroidManifest.xml:7:22-76
41    <uses-permission android:name="com.google.android.finsky.permission.BIND_GET_INSTALL_REFERRER_SERVICE" />
41-->[com.android.installreferrer:installreferrer:1.0] AndroidManifest.xml:9:5-110
41-->[com.android.installreferrer:installreferrer:1.0] AndroidManifest.xml:9:22-107
42
43    <application
43-->src\main\AndroidManifest.xml:16:3-37:17
44        android:name="com.windesheim.ai.MainApplication"
44-->src\main\AndroidManifest.xml:16:16-47
45        android:allowBackup="true"
45-->src\main\AndroidManifest.xml:16:162-188
46        android:appComponentFactory="androidx.core.app.CoreComponentFactory"
46-->[androidx.core:core:1.8.0] AndroidManifest.xml:24:18-86
47        android:debuggable="true"
48        android:icon="@mipmap/ic_launcher"
48-->src\main\AndroidManifest.xml:16:81-115
49        android:label="@string/app_name"
49-->src\main\AndroidManifest.xml:16:48-80
50        android:roundIcon="@mipmap/ic_launcher_round"
50-->src\main\AndroidManifest.xml:16:116-161
51        android:theme="@style/AppTheme"
51-->src\main\AndroidManifest.xml:16:189-220
52        android:usesCleartextTraffic="true" >
52-->src\debug\AndroidManifest.xml:6:18-53
53        <meta-data
53-->src\main\AndroidManifest.xml:17:5-82
54            android:name="expo.modules.updates.ENABLED"
54-->src\main\AndroidManifest.xml:17:16-59
55            android:value="true" />
55-->src\main\AndroidManifest.xml:17:60-80
56        <meta-data
56-->src\main\AndroidManifest.xml:18:5-119
57            android:name="expo.modules.updates.EXPO_RUNTIME_VERSION"
57-->src\main\AndroidManifest.xml:18:16-72
58            android:value="@string/expo_runtime_version" />
58-->src\main\AndroidManifest.xml:18:73-117
59        <meta-data
59-->src\main\AndroidManifest.xml:19:5-105
60            android:name="expo.modules.updates.EXPO_UPDATES_CHECK_ON_LAUNCH"
60-->src\main\AndroidManifest.xml:19:16-80
61            android:value="ALWAYS" />
61-->src\main\AndroidManifest.xml:19:81-103
62        <meta-data
62-->src\main\AndroidManifest.xml:20:5-99
63            android:name="expo.modules.updates.EXPO_UPDATES_LAUNCH_WAIT_MS"
63-->src\main\AndroidManifest.xml:20:16-79
64            android:value="0" />
64-->src\main\AndroidManifest.xml:20:80-97
65        <meta-data
65-->src\main\AndroidManifest.xml:21:5-141
66            android:name="expo.modules.updates.EXPO_UPDATE_URL"
66-->src\main\AndroidManifest.xml:21:16-67
67            android:value="https://u.expo.dev/0f525e57-fad9-45bd-9085-714b0d610d6d" />
67-->src\main\AndroidManifest.xml:21:68-139
68
69        <activity
69-->src\main\AndroidManifest.xml:22:5-35:16
70            android:name="com.windesheim.ai.MainActivity"
70-->src\main\AndroidManifest.xml:22:15-43
71            android:configChanges="keyboard|keyboardHidden|orientation|screenSize|uiMode"
71-->src\main\AndroidManifest.xml:22:77-154
72            android:exported="true"
72-->src\main\AndroidManifest.xml:22:276-299
73            android:label="@string/app_name"
73-->src\main\AndroidManifest.xml:22:44-76
74            android:launchMode="singleTask"
74-->src\main\AndroidManifest.xml:22:155-186
75            android:screenOrientation="portrait"
75-->src\main\AndroidManifest.xml:22:300-336
76            android:theme="@style/Theme.App.SplashScreen"
76-->src\main\AndroidManifest.xml:22:230-275
77            android:windowSoftInputMode="adjustResize" >
77-->src\main\AndroidManifest.xml:22:187-229
78            <intent-filter>
78-->src\main\AndroidManifest.xml:23:7-26:23
79                <action android:name="android.intent.action.MAIN" />
79-->src\main\AndroidManifest.xml:24:9-60
79-->src\main\AndroidManifest.xml:24:17-58
80
81                <category android:name="android.intent.category.LAUNCHER" />
81-->src\main\AndroidManifest.xml:25:9-68
81-->src\main\AndroidManifest.xml:25:19-66
82            </intent-filter>
83            <intent-filter>
83-->src\main\AndroidManifest.xml:27:7-34:23
84                <action android:name="android.intent.action.VIEW" />
84-->src\main\AndroidManifest.xml:11:7-58
84-->src\main\AndroidManifest.xml:11:15-56
85
86                <category android:name="android.intent.category.DEFAULT" />
86-->src\main\AndroidManifest.xml:29:9-67
86-->src\main\AndroidManifest.xml:29:19-65
87                <category android:name="android.intent.category.BROWSABLE" />
87-->src\main\AndroidManifest.xml:12:7-67
87-->src\main\AndroidManifest.xml:12:17-65
88
89                <data android:scheme="windesheim.ai" />
89-->src\main\AndroidManifest.xml:13:7-37
89-->src\main\AndroidManifest.xml:13:13-35
90                <data android:scheme="com.windesheim.ai" />
90-->src\main\AndroidManifest.xml:13:7-37
90-->src\main\AndroidManifest.xml:13:13-35
91                <data android:scheme="exp+winsight" />
91-->src\main\AndroidManifest.xml:13:7-37
91-->src\main\AndroidManifest.xml:13:13-35
92            </intent-filter>
93        </activity>
94        <activity
94-->src\main\AndroidManifest.xml:36:5-106
95            android:name="com.facebook.react.devsupport.DevSettingsActivity"
95-->src\main\AndroidManifest.xml:36:15-79
96            android:exported="false" />
96-->src\main\AndroidManifest.xml:36:80-104
97
98        <provider
98-->[:react-native-webview] AndroidManifest.xml:8:9-16:20
99            android:name="com.reactnativecommunity.webview.RNCWebViewFileProvider"
99-->[:react-native-webview] AndroidManifest.xml:9:13-83
100            android:authorities="com.windesheim.ai.fileprovider"
100-->[:react-native-webview] AndroidManifest.xml:10:13-64
101            android:exported="false"
101-->[:react-native-webview] AndroidManifest.xml:11:13-37
102            android:grantUriPermissions="true" >
102-->[:react-native-webview] AndroidManifest.xml:12:13-47
103            <meta-data
103-->[:react-native-webview] AndroidManifest.xml:13:13-15:63
104                android:name="android.support.FILE_PROVIDER_PATHS"
104-->[:react-native-webview] AndroidManifest.xml:14:17-67
105                android:resource="@xml/file_provider_paths" />
105-->[:react-native-webview] AndroidManifest.xml:15:17-60
106        </provider>
107
108        <meta-data
108-->[:expo-dev-launcher] AndroidManifest.xml:12:9-14:37
109            android:name="expo.modules.updates.AUTO_SETUP"
109-->[:expo-dev-launcher] AndroidManifest.xml:13:13-59
110            android:value="false" />
110-->[:expo-dev-launcher] AndroidManifest.xml:14:13-34
111
112        <activity
112-->[:expo-dev-launcher] AndroidManifest.xml:16:9-29:20
113            android:name="expo.modules.devlauncher.launcher.DevLauncherActivity"
113-->[:expo-dev-launcher] AndroidManifest.xml:17:13-81
114            android:exported="true"
114-->[:expo-dev-launcher] AndroidManifest.xml:18:13-36
115            android:launchMode="singleTask"
115-->[:expo-dev-launcher] AndroidManifest.xml:19:13-44
116            android:theme="@style/Theme.DevLauncher.LauncherActivity" >
116-->[:expo-dev-launcher] AndroidManifest.xml:20:13-70
117            <intent-filter>
117-->[:expo-dev-launcher] AndroidManifest.xml:21:13-28:29
118                <action android:name="android.intent.action.VIEW" />
118-->src\main\AndroidManifest.xml:11:7-58
118-->src\main\AndroidManifest.xml:11:15-56
119
120                <category android:name="android.intent.category.DEFAULT" />
120-->src\main\AndroidManifest.xml:29:9-67
120-->src\main\AndroidManifest.xml:29:19-65
121                <category android:name="android.intent.category.BROWSABLE" />
121-->src\main\AndroidManifest.xml:12:7-67
121-->src\main\AndroidManifest.xml:12:17-65
122
123                <data android:scheme="expo-dev-launcher" />
123-->src\main\AndroidManifest.xml:13:7-37
123-->src\main\AndroidManifest.xml:13:13-35
124            </intent-filter>
125        </activity>
126        <activity
126-->[:expo-dev-launcher] AndroidManifest.xml:30:9-33:70
127            android:name="expo.modules.devlauncher.launcher.errors.DevLauncherErrorActivity"
127-->[:expo-dev-launcher] AndroidManifest.xml:31:13-93
128            android:screenOrientation="portrait"
128-->[:expo-dev-launcher] AndroidManifest.xml:32:13-49
129            android:theme="@style/Theme.DevLauncher.ErrorActivity" />
129-->[:expo-dev-launcher] AndroidManifest.xml:33:13-67
130        <activity
130-->[:expo-dev-menu] AndroidManifest.xml:8:9-21:20
131            android:name="expo.modules.devmenu.DevMenuActivity"
131-->[:expo-dev-menu] AndroidManifest.xml:9:13-64
132            android:exported="true"
132-->[:expo-dev-menu] AndroidManifest.xml:10:13-36
133            android:launchMode="singleTask"
133-->[:expo-dev-menu] AndroidManifest.xml:11:13-44
134            android:theme="@style/Theme.AppCompat.Transparent.NoActionBar" >
134-->[:expo-dev-menu] AndroidManifest.xml:12:13-75
135            <intent-filter>
135-->[:expo-dev-menu] AndroidManifest.xml:13:13-20:29
136                <action android:name="android.intent.action.VIEW" />
136-->src\main\AndroidManifest.xml:11:7-58
136-->src\main\AndroidManifest.xml:11:15-56
137
138                <category android:name="android.intent.category.DEFAULT" />
138-->src\main\AndroidManifest.xml:29:9-67
138-->src\main\AndroidManifest.xml:29:19-65
139                <category android:name="android.intent.category.BROWSABLE" />
139-->src\main\AndroidManifest.xml:12:7-67
139-->src\main\AndroidManifest.xml:12:17-65
140
141                <data android:scheme="expo-dev-menu" />
141-->src\main\AndroidManifest.xml:13:7-37
141-->src\main\AndroidManifest.xml:13:13-35
142            </intent-filter>
143        </activity>
144
145        <provider
145-->[:expo-file-system] AndroidManifest.xml:21:9-30:20
146            android:name="expo.modules.filesystem.FileSystemFileProvider"
146-->[:expo-file-system] AndroidManifest.xml:22:13-74
147            android:authorities="com.windesheim.ai.FileSystemFileProvider"
147-->[:expo-file-system] AndroidManifest.xml:23:13-74
148            android:exported="false"
148-->[:expo-file-system] AndroidManifest.xml:24:13-37
149            android:grantUriPermissions="true" >
149-->[:expo-file-system] AndroidManifest.xml:25:13-47
150            <meta-data
150-->[:react-native-webview] AndroidManifest.xml:13:13-15:63
151                android:name="android.support.FILE_PROVIDER_PATHS"
151-->[:react-native-webview] AndroidManifest.xml:14:17-67
152                android:resource="@xml/file_system_provider_paths" />
152-->[:react-native-webview] AndroidManifest.xml:15:17-60
153        </provider>
154
155        <meta-data
155-->[:expo-modules-core] AndroidManifest.xml:9:9-11:89
156            android:name="org.unimodules.core.AppLoader#react-native-headless"
156-->[:expo-modules-core] AndroidManifest.xml:10:13-79
157            android:value="expo.modules.adapters.react.apploader.RNHeadlessAppLoader" />
157-->[:expo-modules-core] AndroidManifest.xml:11:13-86
158        <meta-data
158-->[:expo-modules-core] AndroidManifest.xml:12:9-15:45
159            android:name="com.facebook.soloader.enabled"
159-->[:expo-modules-core] AndroidManifest.xml:13:13-57
160            android:value="true" />
160-->[:expo-modules-core] AndroidManifest.xml:14:13-33
161
162        <provider
162-->[androidx.emoji2:emoji2:1.0.0] AndroidManifest.xml:26:9-34:20
163            android:name="androidx.startup.InitializationProvider"
163-->[androidx.emoji2:emoji2:1.0.0] AndroidManifest.xml:27:13-67
164            android:authorities="com.windesheim.ai.androidx-startup"
164-->[androidx.emoji2:emoji2:1.0.0] AndroidManifest.xml:28:13-68
165            android:exported="false" >
165-->[androidx.emoji2:emoji2:1.0.0] AndroidManifest.xml:29:13-37
166            <meta-data
166-->[androidx.emoji2:emoji2:1.0.0] AndroidManifest.xml:31:13-33:52
167                android:name="androidx.emoji2.text.EmojiCompatInitializer"
167-->[androidx.emoji2:emoji2:1.0.0] AndroidManifest.xml:32:17-75
168                android:value="androidx.startup" />
168-->[androidx.emoji2:emoji2:1.0.0] AndroidManifest.xml:33:17-49
169            <meta-data
169-->[androidx.lifecycle:lifecycle-process:2.6.1] AndroidManifest.xml:29:13-31:52
170                android:name="androidx.lifecycle.ProcessLifecycleInitializer"
170-->[androidx.lifecycle:lifecycle-process:2.6.1] AndroidManifest.xml:30:17-78
171                android:value="androidx.startup" />
171-->[androidx.lifecycle:lifecycle-process:2.6.1] AndroidManifest.xml:31:17-49
172            <meta-data
172-->[androidx.profileinstaller:profileinstaller:1.3.0] AndroidManifest.xml:29:13-31:52
173                android:name="androidx.profileinstaller.ProfileInstallerInitializer"
173-->[androidx.profileinstaller:profileinstaller:1.3.0] AndroidManifest.xml:30:17-85
174                android:value="androidx.startup" />
174-->[androidx.profileinstaller:profileinstaller:1.3.0] AndroidManifest.xml:31:17-49
175        </provider>
176
177        <service
177-->[androidx.room:room-runtime:2.4.2] AndroidManifest.xml:25:9-28:40
178            android:name="androidx.room.MultiInstanceInvalidationService"
178-->[androidx.room:room-runtime:2.4.2] AndroidManifest.xml:26:13-74
179            android:directBootAware="true"
179-->[androidx.room:room-runtime:2.4.2] AndroidManifest.xml:27:13-43
180            android:exported="false" />
180-->[androidx.room:room-runtime:2.4.2] AndroidManifest.xml:28:13-37
181
182        <receiver
182-->[androidx.profileinstaller:profileinstaller:1.3.0] AndroidManifest.xml:34:9-52:20
183            android:name="androidx.profileinstaller.ProfileInstallReceiver"
183-->[androidx.profileinstaller:profileinstaller:1.3.0] AndroidManifest.xml:35:13-76
184            android:directBootAware="false"
184-->[androidx.profileinstaller:profileinstaller:1.3.0] AndroidManifest.xml:36:13-44
185            android:enabled="true"
185-->[androidx.profileinstaller:profileinstaller:1.3.0] AndroidManifest.xml:37:13-35
186            android:exported="true"
186-->[androidx.profileinstaller:profileinstaller:1.3.0] AndroidManifest.xml:38:13-36
187            android:permission="android.permission.DUMP" >
187-->[androidx.profileinstaller:profileinstaller:1.3.0] AndroidManifest.xml:39:13-57
188            <intent-filter>
188-->[androidx.profileinstaller:profileinstaller:1.3.0] AndroidManifest.xml:40:13-42:29
189                <action android:name="androidx.profileinstaller.action.INSTALL_PROFILE" />
189-->[androidx.profileinstaller:profileinstaller:1.3.0] AndroidManifest.xml:41:17-91
189-->[androidx.profileinstaller:profileinstaller:1.3.0] AndroidManifest.xml:41:25-88
190            </intent-filter>
191            <intent-filter>
191-->[androidx.profileinstaller:profileinstaller:1.3.0] AndroidManifest.xml:43:13-45:29
192                <action android:name="androidx.profileinstaller.action.SKIP_FILE" />
192-->[androidx.profileinstaller:profileinstaller:1.3.0] AndroidManifest.xml:44:17-85
192-->[androidx.profileinstaller:profileinstaller:1.3.0] AndroidManifest.xml:44:25-82
193            </intent-filter>
194            <intent-filter>
194-->[androidx.profileinstaller:profileinstaller:1.3.0] AndroidManifest.xml:46:13-48:29
195                <action android:name="androidx.profileinstaller.action.SAVE_PROFILE" />
195-->[androidx.profileinstaller:profileinstaller:1.3.0] AndroidManifest.xml:47:17-88
195-->[androidx.profileinstaller:profileinstaller:1.3.0] AndroidManifest.xml:47:25-85
196            </intent-filter>
197            <intent-filter>
197-->[androidx.profileinstaller:profileinstaller:1.3.0] AndroidManifest.xml:49:13-51:29
198                <action android:name="androidx.profileinstaller.action.BENCHMARK_OPERATION" />
198-->[androidx.profileinstaller:profileinstaller:1.3.0] AndroidManifest.xml:50:17-95
198-->[androidx.profileinstaller:profileinstaller:1.3.0] AndroidManifest.xml:50:25-92
199            </intent-filter>
200        </receiver>
201    </application>
202
203</manifest>